0 info it worked if it ends with ok
1 verbose cli [ 'node', '/usr/local/bin/npm', 'start' ]
2 info using npm@3.5.0
3 info using node@v0.10.25
4 verbose node symlink /usr/local/bin/node
5 verbose run-script [ 'prestart', 'start', 'poststart' ]
6 info lifecycle angular-seed@0.0.0~prestart: angular-seed@0.0.0
7 verbose lifecycle angular-seed@0.0.0~prestart: unsafe-perm in lifecycle true
8 verbose lifecycle angular-seed@0.0.0~prestart: PATH: /usr/local/lib/node_modules/npm/bin/node-gyp-bin:/var/www/dev/my-new-homepage/node_modules/.bin:/usr/local/sbin:/usr/local/bin:/usr/sbin:/usr/bin:/sbin:/bin:/usr/games:/usr/local/games
9 verbose lifecycle angular-seed@0.0.0~prestart: CWD: /var/www/dev/my-new-homepage
10 silly lifecycle angular-seed@0.0.0~prestart: Args: [ '-c', 'npm install' ]
11 silly lifecycle angular-seed@0.0.0~prestart: Returned: code: 1  signal: null
12 info lifecycle angular-seed@0.0.0~prestart: Failed to exec prestart script
13 verbose stack Error: angular-seed@0.0.0 prestart: `npm install`
13 verbose stack Exit status 1
13 verbose stack     at EventEmitter.<anonymous> (/usr/local/lib/node_modules/npm/lib/utils/lifecycle.js:232:16)
13 verbose stack     at EventEmitter.emit (events.js:98:17)
13 verbose stack     at ChildProcess.<anonymous> (/usr/local/lib/node_modules/npm/lib/utils/spawn.js:24:14)
13 verbose stack     at ChildProcess.EventEmitter.emit (events.js:98:17)
13 verbose stack     at maybeClose (child_process.js:743:16)
13 verbose stack     at Process.ChildProcess._handle.onexit (child_process.js:810:5)
14 verbose pkgid angular-seed@0.0.0
15 verbose cwd /var/www/dev/my-new-homepage
16 error Linux 3.13.0-57-generic
17 error argv "node" "/usr/local/bin/npm" "start"
18 error node v0.10.25
19 error npm  v3.5.0
20 error code ELIFECYCLE
21 error angular-seed@0.0.0 prestart: `npm install`
21 error Exit status 1
22 error Failed at the angular-seed@0.0.0 prestart script 'npm install'.
22 error Make sure you have the latest version of node.js and npm installed.
22 error If you do, this is most likely a problem with the angular-seed package,
22 error not with npm itself.
22 error Tell the author that this fails on your system:
22 error     npm install
22 error You can get their info via:
22 error     npm owner ls angular-seed
22 error There is likely additional logging output above.
23 verbose exit [ 1, true ]
